2020-08-20 10:46:21
Message: Страница не найдена, увы
File: D:\downloads\openserver\OSPanel\domains\apiconverter.loc\vendor\shop\core\Router.php
Line: D:\downloads\openserver\OSPanel\domains\apiconverter.loc\vendor\shop\core\Router.php

2020-08-20 11:07:36
Message: app\Controllers\HistoryController не найден
File: D:\downloads\openserver\OSPanel\domains\apiconverter.loc\vendor\shop\core\Router.php
Line: D:\downloads\openserver\OSPanel\domains\apiconverter.loc\vendor\shop\core\Router.php

2020-08-20 11:58:24
Message: Class 'app\Services\Converter\СurrencyСonverter' not found
File: D:\downloads\openserver\OSPanel\domains\apiconverter.loc\app\Controllers\MainController.php
Line: D:\downloads\openserver\OSPanel\domains\apiconverter.loc\app\Controllers\MainController.php

2020-08-20 12:09:58
Message: Страница не найдена, увы
File: D:\downloads\openserver\OSPanel\domains\apiconverter.loc\vendor\shop\core\Router.php
Line: D:\downloads\openserver\OSPanel\domains\apiconverter.loc\vendor\shop\core\Router.php

2020-08-20 13:54:44
Message: SQLSTATE[HY093]: Invalid parameter number: number of bound variables does not match number of tokens
File: D:\downloads\openserver\OSPanel\domains\apiconverter.loc\vendor\gabordemooij\redbean\RedBeanPHP\Driver\RPDO.php
Line: D:\downloads\openserver\OSPanel\domains\apiconverter.loc\vendor\gabordemooij\redbean\RedBeanPHP\Driver\RPDO.php

2020-08-20 13:55:14
Message: SQLSTATE[HY093]: Invalid parameter number: number of bound variables does not match number of tokens
File: D:\downloads\openserver\OSPanel\domains\apiconverter.loc\vendor\gabordemooij\redbean\RedBeanPHP\Driver\RPDO.php
Line: D:\downloads\openserver\OSPanel\domains\apiconverter.loc\vendor\gabordemooij\redbean\RedBeanPHP\Driver\RPDO.php

2020-08-20 13:56:43
Message: SQLSTATE[HY093]: Invalid parameter number: number of bound variables does not match number of tokens
File: D:\downloads\openserver\OSPanel\domains\apiconverter.loc\vendor\gabordemooij\redbean\RedBeanPHP\Driver\RPDO.php
Line: D:\downloads\openserver\OSPanel\domains\apiconverter.loc\vendor\gabordemooij\redbean\RedBeanPHP\Driver\RPDO.php

2020-08-20 14:04:27
Message: SQLSTATE[HY093]: Invalid parameter number: no parameters were bound
File: D:\downloads\openserver\OSPanel\domains\apiconverter.loc\vendor\gabordemooij\redbean\RedBeanPHP\Driver\RPDO.php
Line: D:\downloads\openserver\OSPanel\domains\apiconverter.loc\vendor\gabordemooij\redbean\RedBeanPHP\Driver\RPDO.php

2020-08-20 14:05:03
Message: SQLSTATE[HY093]: Invalid parameter number: no parameters were bound
File: D:\downloads\openserver\OSPanel\domains\apiconverter.loc\vendor\gabordemooij\redbean\RedBeanPHP\Driver\RPDO.php
Line: D:\downloads\openserver\OSPanel\domains\apiconverter.loc\vendor\gabordemooij\redbean\RedBeanPHP\Driver\RPDO.php

2020-08-20 14:16:59
Message: Страница не найдена, увы
File: D:\downloads\openserver\OSPanel\domains\apitest\vendor\shop\core\Router.php
Line: D:\downloads\openserver\OSPanel\domains\apitest\vendor\shop\core\Router.php

2020-08-20 14:33:27
Message: SQLSTATE[42S22]: Column not found: 1054 Unknown column 'bank_code' in 'where clause'
File: D:\downloads\openserver\OSPanel\domains\apitest\vendor\gabordemooij\redbean\RedBeanPHP\Driver\RPDO.php
Line: D:\downloads\openserver\OSPanel\domains\apitest\vendor\gabordemooij\redbean\RedBeanPHP\Driver\RPDO.php

2020-08-20 22:57:55
Message: Class 'RedBeanPHP\R' not found
File: D:\programs\Openserver\domains\netpeak-master\vendor\shop\core\DB.php
Line: D:\programs\Openserver\domains\netpeak-master\vendor\shop\core\DB.php

2020-08-20 23:05:36
Message: Class 'RedBeanPHP\R' not found
File: D:\programs\Openserver\domains\netpeak-master\vendor\shop\core\DB.php
Line: D:\programs\Openserver\domains\netpeak-master\vendor\shop\core\DB.php

2020-08-20 23:08:03
Message: Class 'RedBeanPHP\R' not found
File: D:\programs\Openserver\domains\netpeak-master\vendor\shop\core\DB.php
Line: D:\programs\Openserver\domains\netpeak-master\vendor\shop\core\DB.php

2020-08-20 23:14:48
Message: Class 'RedBeanPHP\R' not found
File: D:\programs\Openserver\domains\netpeak-master\vendor\shop\core\DB.php
Line: D:\programs\Openserver\domains\netpeak-master\vendor\shop\core\DB.php

2020-08-20 23:14:51
Message: Class 'RedBeanPHP\R' not found
File: D:\programs\Openserver\domains\netpeak-master\vendor\shop\core\DB.php
Line: D:\programs\Openserver\domains\netpeak-master\vendor\shop\core\DB.php

2020-08-20 23:37:36
Message: Не найден вид d:\programs\openserver\domains\netpeak-master/resources/views/history/index.php
File: D:\programs\Openserver\domains\netpeak-master\vendor\shop\core\base\View.php
Line: D:\programs\Openserver\domains\netpeak-master\vendor\shop\core\base\View.php

